2024-10-25T12:08:29+00:00 DEBUG POST: https://ads.tiktok.com/marketing_api/api/developer/app/create_auto_approve/

{"business_platform":"PROD","smb_id":"tt4b_woocommerce_671b8a3d32ed8httplocalhostwordpresswp-admin","smb_name":"PROD","redirect_url":"http:\/\/localhost\/wordpress\/wp-admin\/"}
 ajax: no
2024-10-25T12:08:29+00:00 DEBUG Tt4b_Mapi_Class::create_open_source_app: Response: 

HTTP/1.1 200 OK
Content-Type: application/json
X-Tt-Logid: 2024102512082893889EE87FDD8D34B18C,2024102512082893889EE87FDD8D34B18C
Strict-Transport-Security: max-age=31536000; includeSubDomains
x-tt-trace-host: 01cec21914d62d70f1c32a472b4f2d6d71a344d9b32395c65bff0665cbb59e5de75a0389e29adcd5147d669512ef88c9696d3fd23a7cfa85460dd81bf67fcf9fee36f05bf92e54683037533f25791409228b620855bf4095acba8ed8ae586aed099fcad354488fbbbe7e2e5607358fb40a
x-tt-trace-id: 00-24102512082893889EE87FDD8D34B18C-276CBB61641A9D26-00
Server: TLB
Content-Encoding: gzip
Content-Length: 206
X-Origin-Response-Time: 86,23.211.252.231
X-Akamai-Request-ID: 7bef444d.9c390430
Date: Fri, 25 Oct 2024 12:08:29 GMT
X-Cache: TCP_MISS from a113-171-10-157.deploy.akamaitechnologies.com (AkamaiGHost/11.6.5-0c617a4be13e71cac2c90d10d87ecf54) (-)
Connection: close
Vary: Accept-Encoding
X-Cache-Remote: TCP_MISS from a23-211-252-231.deploy.akamaitechnologies.com (AkamaiGHost/11.6.5-0c617a4be13e71cac2c90d10d87ecf54) (-)
x-tt-trace-tag: id=16;cdn-cache=miss;type=dyn
Server-Timing: cdn-cache; desc=MISS, edge; dur=70, origin; dur=85
Server-Timing: inner; dur=65
X-Parent-Response-Time: 153,113.171.10.157

{"code":0,"msg":"ok","data":{"redirect_uri":"http:\/\/localhost\/wordpress\/wp-admin\/","external_data_key":"67a71aec-0f47-44dc-9974-a2692487a4ab","app_secret":"f54142115c0ecda9147b7d558abec24e5240992c","app_id":"7429684006888701970"}}

